<?xml version="1.0" encoding="UTF-8"?>
<testsuite name="jpabook.jpashop.domain.member.service.MemberServiceTest" tests="2" skipped="0" failures="0" errors="0" timestamp="2021-02-03T13:04:32" hostname="baggyeongdeog-ui-MacBookAir.local" time="0.078">
  <properties/>
  <testcase name="join()" classname="jpabook.jpashop.domain.member.service.MemberServiceTest" time="0.053"/>
  <testcase name="saveMemberFail()" classname="jpabook.jpashop.domain.member.service.MemberServiceTest" time="0.024"/>
  <system-out><![CDATA[2021-02-03 22:04:32.868  INFO 4928 --- [    Test worker] .b.t.c.SpringBootTestContextBootstrapper : Neither @ContextConfiguration nor @ContextHierarchy found for test class [jpabook.jpashop.domain.member.service.MemberServiceTest], using SpringBootContextLoader
2021-02-03 22:04:32.873  INFO 4928 --- [    Test worker] o.s.t.c.support.AbstractContextLoader    : Could not detect default resource locations for test class [jpabook.jpashop.domain.member.service.MemberServiceTest]: no resource found for suffixes {-context.xml, Context.groovy}.
2021-02-03 22:04:32.887  INFO 4928 --- [    Test worker] .b.t.c.SpringBootTestContextBootstrapper : Loaded default TestExecutionListener class names from location [META-INF/spring.factories]: [org.springframework.boot.test.autoconfigure.restdocs.RestDocsTestExecutionListener, org.springframework.boot.test.autoconfigure.web.client.MockRestServiceServerResetTestExecutionListener, org.springframework.boot.test.autoconfigure.web.servlet.MockMvcPrintOnlyOnFailureTestExecutionListener, org.springframework.boot.test.autoconfigure.web.servlet.WebDriverTestExecutionListener, org.springframework.boot.test.autoconfigure.webservices.client.MockWebServiceServerTestExecutionListener, org.springframework.boot.test.mock.mockito.MockitoTestExecutionListener, org.springframework.boot.test.mock.mockito.ResetMocksTestExecutionListener, org.springframework.test.context.web.ServletTestExecutionListener, org.springframework.test.context.support.DirtiesContextBeforeModesTestExecutionListener, org.springframework.test.context.support.DependencyInjectionTestExecutionListener, org.springframework.test.context.support.DirtiesContextTestExecutionListener, org.springframework.test.context.transaction.TransactionalTestExecutionListener, org.springframework.test.context.jdbc.SqlScriptsTestExecutionListener, org.springframework.test.context.event.EventPublishingTestExecutionListener]
2021-02-03 22:04:32.888  INFO 4928 --- [    Test worker] .b.t.c.SpringBootTestContextBootstrapper : Using TestExecutionListeners: [org.springframework.test.context.web.ServletTestExecutionListener@1761f85f, org.springframework.test.context.support.DirtiesContextBeforeModesTestExecutionListener@9535784, org.springframework.boot.test.mock.mockito.MockitoTestExecutionListener@1c5daf48, org.springframework.boot.test.autoconfigure.SpringBootDependencyInjectionTestExecutionListener@4ac86a15, org.springframework.test.context.support.DirtiesContextTestExecutionListener@52f3c013, org.springframework.test.context.transaction.TransactionalTestExecutionListener@410f42be, org.springframework.test.context.jdbc.SqlScriptsTestExecutionListener@30d99238, org.springframework.test.context.event.EventPublishingTestExecutionListener@3948cef4, org.springframework.boot.test.autoconfigure.restdocs.RestDocsTestExecutionListener@75f76296, org.springframework.boot.test.autoconfigure.web.client.MockRestServiceServerResetTestExecutionListener@4e56c424, org.springframework.boot.test.autoconfigure.web.servlet.MockMvcPrintOnlyOnFailureTestExecutionListener@32e2c784, org.springframework.boot.test.autoconfigure.web.servlet.WebDriverTestExecutionListener@4da29042, org.springframework.boot.test.autoconfigure.webservices.client.MockWebServiceServerTestExecutionListener@38fa8b2, org.springframework.boot.test.mock.mockito.ResetMocksTestExecutionListener@7b802b03]
2021-02-03 22:04:32.905  INFO 4928 --- [    Test worker] o.s.t.c.transaction.TransactionContext   : Began transaction (1) for test context [DefaultTestContext@603b63d testClass = MemberServiceTest, testInstance = jpabook.jpashop.domain.member.service.MemberServiceTest@78375477, testMethod = join@MemberServiceTest, testException = [null], mergedContextConfiguration = [WebMergedContextConfiguration@215b041 testClass = MemberServiceTest, locations = '{}', classes = '{class jpabook.JpaBookApplication, class jpabook.JpaBookApplication}', contextInitializerClasses = '[]', activeProfiles = '{}', propertySourceLocations = '{}', propertySourceProperties = '{org.springframework.boot.test.context.SpringBootTestContextBootstrapper=true}', contextCustomizers = set[org.springframework.boot.test.autoconfigure.properties.PropertyMappingContextCustomizer@0, org.springframework.boot.test.autoconfigure.web.servlet.WebDriverContextCustomizerFactory$Customizer@3f602779, org.springframework.boot.test.context.filter.ExcludeFilterContextCustomizer@6ca9bac0, org.springframework.boot.test.json.DuplicateJsonObjectContextCustomizerFactory$DuplicateJsonObjectContextCustomizer@6ecf4c2f, org.springframework.boot.test.mock.mockito.MockitoContextCustomizer@0, org.springframework.boot.test.web.client.TestRestTemplateContextCustomizer@3b07c9ef, org.springframework.boot.test.context.SpringBootTestArgs@1], resourceBasePath = 'src/main/webapp', contextLoader = 'org.springframework.boot.test.context.SpringBootContextLoader', parent = [null]], attributes = map['org.springframework.test.context.web.ServletTestExecutionListener.activateListener' -> true, 'org.springframework.test.context.web.ServletTestExecutionListener.populatedRequestContextHolder' -> true, 'org.springframework.test.context.web.ServletTestExecutionListener.resetRequestContextHolder' -> true]]; transaction manager [org.springframework.orm.jpa.JpaTransactionManager@29846ba0]; rollback [true]
2021-02-03 22:04:32.953  INFO 4928 --- [    Test worker] o.s.t.c.transaction.TransactionContext   : Rolled back transaction for test: [DefaultTestContext@603b63d testClass = MemberServiceTest, testInstance = jpabook.jpashop.domain.member.service.MemberServiceTest@78375477, testMethod = join@MemberServiceTest, testException = [null], mergedContextConfiguration = [WebMergedContextConfiguration@215b041 testClass = MemberServiceTest, locations = '{}', classes = '{class jpabook.JpaBookApplication, class jpabook.JpaBookApplication}', contextInitializerClasses = '[]', activeProfiles = '{}', propertySourceLocations = '{}', propertySourceProperties = '{org.springframework.boot.test.context.SpringBootTestContextBootstrapper=true}', contextCustomizers = set[org.springframework.boot.test.autoconfigure.properties.PropertyMappingContextCustomizer@0, org.springframework.boot.test.autoconfigure.web.servlet.WebDriverContextCustomizerFactory$Customizer@3f602779, org.springframework.boot.test.context.filter.ExcludeFilterContextCustomizer@6ca9bac0, org.springframework.boot.test.json.DuplicateJsonObjectContextCustomizerFactory$DuplicateJsonObjectContextCustomizer@6ecf4c2f, org.springframework.boot.test.mock.mockito.MockitoContextCustomizer@0, org.springframework.boot.test.web.client.TestRestTemplateContextCustomizer@3b07c9ef, org.springframework.boot.test.context.SpringBootTestArgs@1], resourceBasePath = 'src/main/webapp', contextLoader = 'org.springframework.boot.test.context.SpringBootContextLoader', parent = [null]], attributes = map['org.springframework.test.context.web.ServletTestExecutionListener.activateListener' -> true, 'org.springframework.test.context.web.ServletTestExecutionListener.populatedRequestContextHolder' -> true, 'org.springframework.test.context.web.ServletTestExecutionListener.resetRequestContextHolder' -> true]]
2021-02-03 22:04:32.961  INFO 4928 --- [    Test worker] o.s.t.c.transaction.TransactionContext   : Began transaction (1) for test context [DefaultTestContext@603b63d testClass = MemberServiceTest, testInstance = jpabook.jpashop.domain.member.service.MemberServiceTest@13e014a9, testMethod = saveMemberFail@MemberServiceTest, testException = [null], mergedContextConfiguration = [WebMergedContextConfiguration@215b041 testClass = MemberServiceTest, locations = '{}', classes = '{class jpabook.JpaBookApplication, class jpabook.JpaBookApplication}', contextInitializerClasses = '[]', activeProfiles = '{}', propertySourceLocations = '{}', propertySourceProperties = '{org.springframework.boot.test.context.SpringBootTestContextBootstrapper=true}', contextCustomizers = set[org.springframework.boot.test.autoconfigure.properties.PropertyMappingContextCustomizer@0, org.springframework.boot.test.autoconfigure.web.servlet.WebDriverContextCustomizerFactory$Customizer@3f602779, org.springframework.boot.test.context.filter.ExcludeFilterContextCustomizer@6ca9bac0, org.springframework.boot.test.json.DuplicateJsonObjectContextCustomizerFactory$DuplicateJsonObjectContextCustomizer@6ecf4c2f, org.springframework.boot.test.mock.mockito.MockitoContextCustomizer@0, org.springframework.boot.test.web.client.TestRestTemplateContextCustomizer@3b07c9ef, org.springframework.boot.test.context.SpringBootTestArgs@1], resourceBasePath = 'src/main/webapp', contextLoader = 'org.springframework.boot.test.context.SpringBootContextLoader', parent = [null]], attributes = map['org.springframework.test.context.web.ServletTestExecutionListener.activateListener' -> true, 'org.springframework.test.context.web.ServletTestExecutionListener.populatedRequestContextHolder' -> true, 'org.springframework.test.context.web.ServletTestExecutionListener.resetRequestContextHolder' -> true]]; transaction manager [org.springframework.orm.jpa.JpaTransactionManager@29846ba0]; rollback [true]
2021-02-03 22:04:32.979  INFO 4928 --- [    Test worker] o.s.t.c.transaction.TransactionContext   : Rolled back transaction for test: [DefaultTestContext@603b63d testClass = MemberServiceTest, testInstance = jpabook.jpashop.domain.member.service.MemberServiceTest@13e014a9, testMethod = saveMemberFail@MemberServiceTest, testException = [null], mergedContextConfiguration = [WebMergedContextConfiguration@215b041 testClass = MemberServiceTest, locations = '{}', classes = '{class jpabook.JpaBookApplication, class jpabook.JpaBookApplication}', contextInitializerClasses = '[]', activeProfiles = '{}', propertySourceLocations = '{}', propertySourceProperties = '{org.springframework.boot.test.context.SpringBootTestContextBootstrapper=true}', contextCustomizers = set[org.springframework.boot.test.autoconfigure.properties.PropertyMappingContextCustomizer@0, org.springframework.boot.test.autoconfigure.web.servlet.WebDriverContextCustomizerFactory$Customizer@3f602779, org.springframework.boot.test.context.filter.ExcludeFilterContextCustomizer@6ca9bac0, org.springframework.boot.test.json.DuplicateJsonObjectContextCustomizerFactory$DuplicateJsonObjectContextCustomizer@6ecf4c2f, org.springframework.boot.test.mock.mockito.MockitoContextCustomizer@0, org.springframework.boot.test.web.client.TestRestTemplateContextCustomizer@3b07c9ef, org.springframework.boot.test.context.SpringBootTestArgs@1], resourceBasePath = 'src/main/webapp', contextLoader = 'org.springframework.boot.test.context.SpringBootContextLoader', parent = [null]], attributes = map['org.springframework.test.context.web.ServletTestExecutionListener.activateListener' -> true, 'org.springframework.test.context.web.ServletTestExecutionListener.populatedRequestContextHolder' -> true, 'org.springframework.test.context.web.ServletTestExecutionListener.resetRequestContextHolder' -> true]]
]]></system-out>
  <system-err><![CDATA[]]></system-err>
</testsuite>
