<?xml version="1.0" encoding="UTF-8"?>
<testsuite name="jpabook.jpashop.domain.order.service.OrderServiceTest" tests="1" skipped="0" failures="0" errors="0" timestamp="2021-01-24T08:31:47" hostname="baggyeongdeog-ui-MacBookAir.local" time="0.416">
  <properties/>
  <testcase name="orderItem()" classname="jpabook.jpashop.domain.order.service.OrderServiceTest" time="0.416"/>
  <system-out><![CDATA[17:31:35.430 [Test worker] DEBUG org.springframework.test.context.BootstrapUtils - Instantiating CacheAwareContextLoaderDelegate from class [org.springframework.test.context.cache.DefaultCacheAwareContextLoaderDelegate]
17:31:35.445 [Test worker] DEBUG org.springframework.test.context.BootstrapUtils - Instantiating BootstrapContext using constructor [public org.springframework.test.context.support.DefaultBootstrapContext(java.lang.Class,org.springframework.test.context.CacheAwareContextLoaderDelegate)]
17:31:35.505 [Test worker] DEBUG org.springframework.test.context.BootstrapUtils - Instantiating TestContextBootstrapper for test class [jpabook.jpashop.domain.order.service.OrderServiceTest] from class [org.springframework.boot.test.context.SpringBootTestContextBootstrapper]
17:31:35.520 [Test worker] INFO org.springframework.boot.test.context.SpringBootTestContextBootstrapper - Neither @ContextConfiguration nor @ContextHierarchy found for test class [jpabook.jpashop.domain.order.service.OrderServiceTest], using SpringBootContextLoader
17:31:35.523 [Test worker] DEBUG org.springframework.test.context.support.AbstractContextLoader - Did not detect default resource location for test class [jpabook.jpashop.domain.order.service.OrderServiceTest]: class path resource [jpabook/jpashop/domain/order/service/OrderServiceTest-context.xml] does not exist
17:31:35.525 [Test worker] DEBUG org.springframework.test.context.support.AbstractContextLoader - Did not detect default resource location for test class [jpabook.jpashop.domain.order.service.OrderServiceTest]: class path resource [jpabook/jpashop/domain/order/service/OrderServiceTestContext.groovy] does not exist
17:31:35.525 [Test worker] INFO org.springframework.test.context.support.AbstractContextLoader - Could not detect default resource locations for test class [jpabook.jpashop.domain.order.service.OrderServiceTest]: no resource found for suffixes {-context.xml, Context.groovy}.
17:31:35.574 [Test worker] DEBUG org.springframework.test.context.support.ActiveProfilesUtils - Could not find an 'annotation declaring class' for annotation type [org.springframework.test.context.ActiveProfiles] and class [jpabook.jpashop.domain.order.service.OrderServiceTest]
17:31:35.694 [Test worker] DEBUG org.springframework.boot.test.context.SpringBootTestContextBootstrapper - @TestExecutionListeners is not present for class [jpabook.jpashop.domain.order.service.OrderServiceTest]: using defaults.
17:31:35.695 [Test worker] INFO org.springframework.boot.test.context.SpringBootTestContextBootstrapper - Loaded default TestExecutionListener class names from location [META-INF/spring.factories]: [org.springframework.boot.test.autoconfigure.restdocs.RestDocsTestExecutionListener, org.springframework.boot.test.autoconfigure.web.client.MockRestServiceServerResetTestExecutionListener, org.springframework.boot.test.autoconfigure.web.servlet.MockMvcPrintOnlyOnFailureTestExecutionListener, org.springframework.boot.test.autoconfigure.web.servlet.WebDriverTestExecutionListener, org.springframework.boot.test.autoconfigure.webservices.client.MockWebServiceServerTestExecutionListener, org.springframework.boot.test.mock.mockito.MockitoTestExecutionListener, org.springframework.boot.test.mock.mockito.ResetMocksTestExecutionListener, org.springframework.test.context.web.ServletTestExecutionListener, org.springframework.test.context.support.DirtiesContextBeforeModesTestExecutionListener, org.springframework.test.context.support.DependencyInjectionTestExecutionListener, org.springframework.test.context.support.DirtiesContextTestExecutionListener, org.springframework.test.context.transaction.TransactionalTestExecutionListener, org.springframework.test.context.jdbc.SqlScriptsTestExecutionListener, org.springframework.test.context.event.EventPublishingTestExecutionListener]
17:31:35.708 [Test worker] INFO org.springframework.boot.test.context.SpringBootTestContextBootstrapper - Using TestExecutionListeners: [org.springframework.test.context.web.ServletTestExecutionListener@18d0d2e9, org.springframework.test.context.support.DirtiesContextBeforeModesTestExecutionListener@3fcdc666, org.springframework.boot.test.mock.mockito.MockitoTestExecutionListener@3b6bc7ad, org.springframework.boot.test.autoconfigure.SpringBootDependencyInjectionTestExecutionListener@62892fdb, org.springframework.test.context.support.DirtiesContextTestExecutionListener@7cd0eef9, org.springframework.test.context.transaction.TransactionalTestExecutionListener@2d7ff9f3, org.springframework.test.context.jdbc.SqlScriptsTestExecutionListener@484c155e, org.springframework.test.context.event.EventPublishingTestExecutionListener@63100c7b, org.springframework.boot.test.autoconfigure.restdocs.RestDocsTestExecutionListener@18cc81c6, org.springframework.boot.test.autoconfigure.web.client.MockRestServiceServerResetTestExecutionListener@4a2e534d, org.springframework.boot.test.autoconfigure.web.servlet.MockMvcPrintOnlyOnFailureTestExecutionListener@626059b3, org.springframework.boot.test.autoconfigure.web.servlet.WebDriverTestExecutionListener@1f0e250, org.springframework.boot.test.autoconfigure.webservices.client.MockWebServiceServerTestExecutionListener@7d4e9119, org.springframework.boot.test.mock.mockito.ResetMocksTestExecutionListener@45c211c6]
17:31:35.714 [Test worker] DEBUG org.springframework.test.context.support.AbstractDirtiesContextTestExecutionListener - Before test class: context [DefaultTestContext@4bed0eb7 testClass = OrderServiceTest, testInstance = [null], testMethod = [null], testException = [null], mergedContextConfiguration = [WebMergedContextConfiguration@40c895aa testClass = OrderServiceTest, locations = '{}', classes = '{class jpabook.JpaBookApplication, class jpabook.JpaBookApplication}', contextInitializerClasses = '[]', activeProfiles = '{}', propertySourceLocations = '{}', propertySourceProperties = '{org.springframework.boot.test.context.SpringBootTestContextBootstrapper=true}', contextCustomizers = set[org.springframework.boot.test.autoconfigure.properties.PropertyMappingContextCustomizer@0, org.springframework.boot.test.autoconfigure.web.servlet.WebDriverContextCustomizerFactory$Customizer@5a2aadcd, org.springframework.boot.test.context.filter.ExcludeFilterContextCustomizer@7665e9c5, org.springframework.boot.test.json.DuplicateJsonObjectContextCustomizerFactory$DuplicateJsonObjectContextCustomizer@55dde35c, org.springframework.boot.test.mock.mockito.MockitoContextCustomizer@0, org.springframework.boot.test.web.client.TestRestTemplateContextCustomizer@1e6821ca, org.springframework.boot.test.context.SpringBootTestArgs@1], resourceBasePath = 'src/main/webapp', contextLoader = 'org.springframework.boot.test.context.SpringBootContextLoader', parent = [null]], attributes = map['org.springframework.test.context.web.ServletTestExecutionListener.activateListener' -> true]], class annotated with @DirtiesContext [false] with mode [null].
17:31:35.742 [Test worker] DEBUG org.springframework.test.context.support.TestPropertySourceUtils - Adding inlined properties to environment: {spring.jmx.enabled=false, org.springframework.boot.test.context.SpringBootTestContextBootstrapper=true}

  .   ____          _            __ _ _
 /\\ / ___'_ __ _ _(_)_ __  __ _ \ \ \ \
( ( )\___ | '_ | '_| | '_ \/ _` | \ \ \ \
 \\/  ___)| |_)| | | | | || (_| |  ) ) ) )
  '  |____| .__|_| |_|_| |_\__, | / / / /
 =========|_|==============|___/=/_/_/_/
 :: Spring Boot ::        (v2.3.4.RELEASE)

2021-01-24 17:31:41.231  INFO 2820 --- [    Test worker] j.j.d.order.service.OrderServiceTest     : Starting OrderServiceTest on baggyeongdeog-ui-MacBookAir.local with PID 2820 (started by kdpark in /Users/kdpark/IdeaProjects/jpabook)
2021-01-24 17:31:41.237  INFO 2820 --- [    Test worker] j.j.d.order.service.OrderServiceTest     : No active profile set, falling back to default profiles: default
2021-01-24 17:31:42.374  INFO 2820 --- [    Test worker] .s.d.r.c.RepositoryConfigurationDelegate : Bootstrapping Spring Data JPA repositories in DEFERRED mode.
2021-01-24 17:31:42.493  INFO 2820 --- [    Test worker] .s.d.r.c.RepositoryConfigurationDelegate : Finished Spring Data repository scanning in 106ms. Found 3 JPA repository interfaces.
2021-01-24 17:31:43.169  INFO 2820 --- [    Test worker] trationDelegate$BeanPostProcessorChecker : Bean 'pl.allegro.tech.boot.autoconfigure.handlebars.HandlebarsHelpersAutoConfiguration' of type [pl.allegro.tech.boot.autoconfigure.handlebars.HandlebarsHelpersAutoConfiguration$$EnhancerBySpringCGLIB$$c3ffb6f4] is not eligible for getting processed by all BeanPostProcessors (for example: not eligible for auto-proxying)
2021-01-24 17:31:43.223  INFO 2820 --- [    Test worker] trationDelegate$BeanPostProcessorChecker : Bean 'handlebars.resolver-pl.allegro.tech.boot.autoconfigure.handlebars.HandlebarsValueResolversProperties' of type [pl.allegro.tech.boot.autoconfigure.handlebars.HandlebarsValueResolversProperties] is not eligible for getting processed by all BeanPostProcessors (for example: not eligible for auto-proxying)
2021-01-24 17:31:43.234  INFO 2820 --- [    Test worker] trationDelegate$BeanPostProcessorChecker : Bean 'handlebars-pl.allegro.tech.boot.autoconfigure.handlebars.HandlebarsProperties' of type [pl.allegro.tech.boot.autoconfigure.handlebars.HandlebarsProperties] is not eligible for getting processed by all BeanPostProcessors (for example: not eligible for auto-proxying)
2021-01-24 17:31:43.237  INFO 2820 --- [    Test worker] trationDelegate$BeanPostProcessorChecker : Bean 'pl.allegro.tech.boot.autoconfigure.handlebars.HandlebarsAutoConfiguration$HandlebarsViewResolverConfiguration' of type [pl.allegro.tech.boot.autoconfigure.handlebars.HandlebarsAutoConfiguration$HandlebarsViewResolverConfiguration$$EnhancerBySpringCGLIB$$d6e6e192] is not eligible for getting processed by all BeanPostProcessors (for example: not eligible for auto-proxying)
2021-01-24 17:31:43.357  INFO 2820 --- [    Test worker] trationDelegate$BeanPostProcessorChecker : Bean 'handlebarsViewResolver' of type [com.github.jknack.handlebars.springmvc.HandlebarsViewResolver] is not eligible for getting processed by all BeanPostProcessors (for example: not eligible for auto-proxying)
2021-01-24 17:31:43.764  INFO 2820 --- [    Test worker] o.s.s.concurrent.ThreadPoolTaskExecutor  : Initializing ExecutorService 'applicationTaskExecutor'
2021-01-24 17:31:43.783  INFO 2820 --- [    Test worker] com.zaxxer.hikari.HikariDataSource       : pool-jiniworld - Starting...
2021-01-24 17:31:43.944  INFO 2820 --- [    Test worker] com.zaxxer.hikari.HikariDataSource       : pool-jiniworld - Start completed.
2021-01-24 17:31:44.134  INFO 2820 --- [         task-1] o.hibernate.jpa.internal.util.LogHelper  : HHH000204: Processing PersistenceUnitInfo [name: default]
2021-01-24 17:31:44.258  INFO 2820 --- [         task-1] org.hibernate.Version                    : HHH000412: Hibernate ORM core version 5.4.21.Final
2021-01-24 17:31:44.401  INFO 2820 --- [         task-1] o.hibernate.annotations.common.Version   : HCANN000001: Hibernate Commons Annotations {5.1.0.Final}
2021-01-24 17:31:44.570  INFO 2820 --- [         task-1] org.hibernate.dialect.Dialect            : HHH000400: Using dialect: org.hibernate.dialect.H2Dialect
2021-01-24 17:31:44.796  WARN 2820 --- [    Test worker] JpaBaseConfiguration$JpaWebConfiguration : spring.jpa.open-in-view is enabled by default. Therefore, database queries may be performed during view rendering. Explicitly configure spring.jpa.open-in-view to disable this warning
2021-01-24 17:31:45.363  INFO 2820 --- [    Test worker] o.s.b.a.h2.H2ConsoleAutoConfiguration    : H2 console available at '/h2-console'. Database available at 'jdbc:h2:mem:testdb'
2021-01-24 17:31:45.631  INFO 2820 --- [         task-1] org.hibernate.orm.connections.access     : HHH10001501: Connection obtained from JdbcConnectionAccess [org.hibernate.engine.jdbc.env.internal.JdbcEnvironmentInitiator$ConnectionProviderJdbcConnectionAccess@6d932237] for (non-JTA) DDL execution was not in auto-commit mode; the Connection 'local transaction' will be committed and the Connection will be set into auto-commit mode.
2021-01-24 17:31:45.639  INFO 2820 --- [         task-1] org.hibernate.orm.connections.access     : HHH10001501: Connection obtained from JdbcConnectionAccess [org.hibernate.engine.jdbc.env.internal.JdbcEnvironmentInitiator$ConnectionProviderJdbcConnectionAccess@6f3a40a4] for (non-JTA) DDL execution was not in auto-commit mode; the Connection 'local transaction' will be committed and the Connection will be set into auto-commit mode.
2021-01-24 17:31:45.767  INFO 2820 --- [         task-1] o.h.t.schema.internal.SchemaCreatorImpl  : HHH000476: Executing import script 'file:/Users/kdpark/IdeaProjects/jpabook/build/resources/main/import.sql'
2021-01-24 17:31:45.787  INFO 2820 --- [         task-1] o.h.e.t.j.p.i.JtaPlatformInitiator       : HHH000490: Using JtaPlatform implementation: [org.hibernate.engine.transaction.jta.platform.internal.NoJtaPlatform]
2021-01-24 17:31:45.813  INFO 2820 --- [         task-1] j.LocalContainerEntityManagerFactoryBean : Initialized JPA EntityManagerFactory for persistence unit 'default'
2021-01-24 17:31:46.485  INFO 2820 --- [    Test worker] DeferredRepositoryInitializationListener : Triggering deferred initialization of Spring Data repositories…
2021-01-24 17:31:47.290  INFO 2820 --- [    Test worker] DeferredRepositoryInitializationListener : Spring Data repositories initialized!
2021-01-24 17:31:47.307  INFO 2820 --- [    Test worker] j.j.d.order.service.OrderServiceTest     : Started OrderServiceTest in 11.557 seconds (JVM running for 13.038)
2021-01-24 17:31:47.366  INFO 2820 --- [    Test worker] o.s.t.c.transaction.TransactionContext   : Began transaction (1) for test context [DefaultTestContext@4bed0eb7 testClass = OrderServiceTest, testInstance = jpabook.jpashop.domain.order.service.OrderServiceTest@7e507c84, testMethod = orderItem@OrderServiceTest, testException = [null], mergedContextConfiguration = [WebMergedContextConfiguration@40c895aa testClass = OrderServiceTest, locations = '{}', classes = '{class jpabook.JpaBookApplication, class jpabook.JpaBookApplication}', contextInitializerClasses = '[]', activeProfiles = '{}', propertySourceLocations = '{}', propertySourceProperties = '{org.springframework.boot.test.context.SpringBootTestContextBootstrapper=true}', contextCustomizers = set[org.springframework.boot.test.autoconfigure.properties.PropertyMappingContextCustomizer@0, org.springframework.boot.test.autoconfigure.web.servlet.WebDriverContextCustomizerFactory$Customizer@5a2aadcd, org.springframework.boot.test.context.filter.ExcludeFilterContextCustomizer@7665e9c5, org.springframework.boot.test.json.DuplicateJsonObjectContextCustomizerFactory$DuplicateJsonObjectContextCustomizer@55dde35c, org.springframework.boot.test.mock.mockito.MockitoContextCustomizer@0, org.springframework.boot.test.web.client.TestRestTemplateContextCustomizer@1e6821ca, org.springframework.boot.test.context.SpringBootTestArgs@1], resourceBasePath = 'src/main/webapp', contextLoader = 'org.springframework.boot.test.context.SpringBootContextLoader', parent = [null]], attributes = map['org.springframework.test.context.web.ServletTestExecutionListener.activateListener' -> true, 'org.springframework.test.context.web.ServletTestExecutionListener.populatedRequestContextHolder' -> true, 'org.springframework.test.context.web.ServletTestExecutionListener.resetRequestContextHolder' -> true]]; transaction manager [org.springframework.orm.jpa.JpaTransactionManager@58a9f295]; rollback [true]
2021-01-24 17:31:47.707  INFO 2820 --- [    Test worker] jpabook.jpashop.domain.item.entity.Item  : ############ - 10, 2
2021-01-24 17:31:47.709  INFO 2820 --- [    Test worker] jpabook.jpashop.domain.item.entity.Item  : ############ - 8
2021-01-24 17:31:47.765  INFO 2820 --- [    Test worker] o.s.t.c.transaction.TransactionContext   : Rolled back transaction for test: [DefaultTestContext@4bed0eb7 testClass = OrderServiceTest, testInstance = jpabook.jpashop.domain.order.service.OrderServiceTest@7e507c84, testMethod = orderItem@OrderServiceTest, testException = [null], mergedContextConfiguration = [WebMergedContextConfiguration@40c895aa testClass = OrderServiceTest, locations = '{}', classes = '{class jpabook.JpaBookApplication, class jpabook.JpaBookApplication}', contextInitializerClasses = '[]', activeProfiles = '{}', propertySourceLocations = '{}', propertySourceProperties = '{org.springframework.boot.test.context.SpringBootTestContextBootstrapper=true}', contextCustomizers = set[org.springframework.boot.test.autoconfigure.properties.PropertyMappingContextCustomizer@0, org.springframework.boot.test.autoconfigure.web.servlet.WebDriverContextCustomizerFactory$Customizer@5a2aadcd, org.springframework.boot.test.context.filter.ExcludeFilterContextCustomizer@7665e9c5, org.springframework.boot.test.json.DuplicateJsonObjectContextCustomizerFactory$DuplicateJsonObjectContextCustomizer@55dde35c, org.springframework.boot.test.mock.mockito.MockitoContextCustomizer@0, org.springframework.boot.test.web.client.TestRestTemplateContextCustomizer@1e6821ca, org.springframework.boot.test.context.SpringBootTestArgs@1], resourceBasePath = 'src/main/webapp', contextLoader = 'org.springframework.boot.test.context.SpringBootContextLoader', parent = [null]], attributes = map['org.springframework.test.context.web.ServletTestExecutionListener.activateListener' -> true, 'org.springframework.test.context.web.ServletTestExecutionListener.populatedRequestContextHolder' -> true, 'org.springframework.test.context.web.ServletTestExecutionListener.resetRequestContextHolder' -> true]]
]]></system-out>
  <system-err><![CDATA[]]></system-err>
</testsuite>
