<?xml version="1.0" encoding="UTF-8"?>
<testsuite name="jpabook.jpashop.domain.item.service.ItemServiceTest" tests="3" skipped="0" failures="0" errors="0" timestamp="2021-02-03T13:36:55" hostname="baggyeongdeog-ui-MacBookAir.local" time="0.03">
  <properties/>
  <testcase name="saveItem()" classname="jpabook.jpashop.domain.item.service.ItemServiceTest" time="0.007"/>
  <testcase name="refundStock()" classname="jpabook.jpashop.domain.item.service.ItemServiceTest" time="0.005"/>
  <testcase name="orderItemMoreThenStock()" classname="jpabook.jpashop.domain.item.service.ItemServiceTest" time="0.013"/>
  <system-out><![CDATA[2021-02-03 22:36:55.075  INFO 7856 --- [    Test worker] .b.t.c.SpringBootTestContextBootstrapper : Neither @ContextConfiguration nor @ContextHierarchy found for test class [jpabook.jpashop.domain.item.service.ItemServiceTest], using SpringBootContextLoader
2021-02-03 22:36:55.078  INFO 7856 --- [    Test worker] o.s.t.c.support.AbstractContextLoader    : Could not detect default resource locations for test class [jpabook.jpashop.domain.item.service.ItemServiceTest]: no resource found for suffixes {-context.xml, Context.groovy}.
2021-02-03 22:36:55.082  INFO 7856 --- [    Test worker] .b.t.c.SpringBootTestContextBootstrapper : Loaded default TestExecutionListener class names from location [META-INF/spring.factories]: [org.springframework.boot.test.autoconfigure.restdocs.RestDocsTestExecutionListener, org.springframework.boot.test.autoconfigure.web.client.MockRestServiceServerResetTestExecutionListener, org.springframework.boot.test.autoconfigure.web.servlet.MockMvcPrintOnlyOnFailureTestExecutionListener, org.springframework.boot.test.autoconfigure.web.servlet.WebDriverTestExecutionListener, org.springframework.boot.test.autoconfigure.webservices.client.MockWebServiceServerTestExecutionListener, org.springframework.boot.test.mock.mockito.MockitoTestExecutionListener, org.springframework.boot.test.mock.mockito.ResetMocksTestExecutionListener, org.springframework.test.context.web.ServletTestExecutionListener, org.springframework.test.context.support.DirtiesContextBeforeModesTestExecutionListener, org.springframework.test.context.support.DependencyInjectionTestExecutionListener, org.springframework.test.context.support.DirtiesContextTestExecutionListener, org.springframework.test.context.transaction.TransactionalTestExecutionListener, org.springframework.test.context.jdbc.SqlScriptsTestExecutionListener, org.springframework.test.context.event.EventPublishingTestExecutionListener]
2021-02-03 22:36:55.083  INFO 7856 --- [    Test worker] .b.t.c.SpringBootTestContextBootstrapper : Using TestExecutionListeners: [org.springframework.test.context.web.ServletTestExecutionListener@499ecb7d, org.springframework.test.context.support.DirtiesContextBeforeModesTestExecutionListener@59ca3251, org.springframework.boot.test.mock.mockito.MockitoTestExecutionListener@32eeac12, org.springframework.boot.test.autoconfigure.SpringBootDependencyInjectionTestExecutionListener@6b574898, org.springframework.test.context.support.DirtiesContextTestExecutionListener@54adb3ac, org.springframework.test.context.transaction.TransactionalTestExecutionListener@5c7d4bd2, org.springframework.test.context.jdbc.SqlScriptsTestExecutionListener@1bb4f273, org.springframework.test.context.event.EventPublishingTestExecutionListener@4af66a15, org.springframework.boot.test.autoconfigure.restdocs.RestDocsTestExecutionListener@737f8034, org.springframework.boot.test.autoconfigure.web.client.MockRestServiceServerResetTestExecutionListener@45ea6652, org.springframework.boot.test.autoconfigure.web.servlet.MockMvcPrintOnlyOnFailureTestExecutionListener@797123f6, org.springframework.boot.test.autoconfigure.web.servlet.WebDriverTestExecutionListener@2e580f, org.springframework.boot.test.autoconfigure.webservices.client.MockWebServiceServerTestExecutionListener@f5f061e, org.springframework.boot.test.mock.mockito.ResetMocksTestExecutionListener@19912951]
2021-02-03 22:36:55.088  INFO 7856 --- [    Test worker] o.s.t.c.transaction.TransactionContext   : Began transaction (1) for test context [DefaultTestContext@1b131418 testClass = ItemServiceTest, testInstance = jpabook.jpashop.domain.item.service.ItemServiceTest@6c8b8e92, testMethod = saveItem@ItemServiceTest, testException = [null], mergedContextConfiguration = [WebMergedContextConfiguration@7cc0e9f3 testClass = ItemServiceTest, locations = '{}', classes = '{class jpabook.JpaBookApplication, class jpabook.JpaBookApplication}', contextInitializerClasses = '[]', activeProfiles = '{}', propertySourceLocations = '{}', propertySourceProperties = '{org.springframework.boot.test.context.SpringBootTestContextBootstrapper=true}', contextCustomizers = set[org.springframework.boot.test.autoconfigure.properties.PropertyMappingContextCustomizer@0, org.springframework.boot.test.autoconfigure.web.servlet.WebDriverContextCustomizerFactory$Customizer@3f602779, org.springframework.boot.test.context.filter.ExcludeFilterContextCustomizer@6ca9bac0, org.springframework.boot.test.json.DuplicateJsonObjectContextCustomizerFactory$DuplicateJsonObjectContextCustomizer@6ecf4c2f, org.springframework.boot.test.mock.mockito.MockitoContextCustomizer@0, org.springframework.boot.test.web.client.TestRestTemplateContextCustomizer@3b07c9ef, org.springframework.boot.test.context.SpringBootTestArgs@1], resourceBasePath = 'src/main/webapp', contextLoader = 'org.springframework.boot.test.context.SpringBootContextLoader', parent = [null]], attributes = map['org.springframework.test.context.web.ServletTestExecutionListener.activateListener' -> true, 'org.springframework.test.context.web.ServletTestExecutionListener.populatedRequestContextHolder' -> true, 'org.springframework.test.context.web.ServletTestExecutionListener.resetRequestContextHolder' -> true]]; transaction manager [org.springframework.orm.jpa.JpaTransactionManager@674d96d2]; rollback [true]
2021-02-03 22:36:55.093  INFO 7856 --- [    Test worker] o.s.t.c.transaction.TransactionContext   : Rolled back transaction for test: [DefaultTestContext@1b131418 testClass = ItemServiceTest, testInstance = jpabook.jpashop.domain.item.service.ItemServiceTest@6c8b8e92, testMethod = saveItem@ItemServiceTest, testException = [null], mergedContextConfiguration = [WebMergedContextConfiguration@7cc0e9f3 testClass = ItemServiceTest, locations = '{}', classes = '{class jpabook.JpaBookApplication, class jpabook.JpaBookApplication}', contextInitializerClasses = '[]', activeProfiles = '{}', propertySourceLocations = '{}', propertySourceProperties = '{org.springframework.boot.test.context.SpringBootTestContextBootstrapper=true}', contextCustomizers = set[org.springframework.boot.test.autoconfigure.properties.PropertyMappingContextCustomizer@0, org.springframework.boot.test.autoconfigure.web.servlet.WebDriverContextCustomizerFactory$Customizer@3f602779, org.springframework.boot.test.context.filter.ExcludeFilterContextCustomizer@6ca9bac0, org.springframework.boot.test.json.DuplicateJsonObjectContextCustomizerFactory$DuplicateJsonObjectContextCustomizer@6ecf4c2f, org.springframework.boot.test.mock.mockito.MockitoContextCustomizer@0, org.springframework.boot.test.web.client.TestRestTemplateContextCustomizer@3b07c9ef, org.springframework.boot.test.context.SpringBootTestArgs@1], resourceBasePath = 'src/main/webapp', contextLoader = 'org.springframework.boot.test.context.SpringBootContextLoader', parent = [null]], attributes = map['org.springframework.test.context.web.ServletTestExecutionListener.activateListener' -> true, 'org.springframework.test.context.web.ServletTestExecutionListener.populatedRequestContextHolder' -> true, 'org.springframework.test.context.web.ServletTestExecutionListener.resetRequestContextHolder' -> true]]
2021-02-03 22:36:55.096  INFO 7856 --- [    Test worker] o.s.t.c.transaction.TransactionContext   : Began transaction (1) for test context [DefaultTestContext@1b131418 testClass = ItemServiceTest, testInstance = jpabook.jpashop.domain.item.service.ItemServiceTest@631892d, testMethod = refundStock@ItemServiceTest, testException = [null], mergedContextConfiguration = [WebMergedContextConfiguration@7cc0e9f3 testClass = ItemServiceTest, locations = '{}', classes = '{class jpabook.JpaBookApplication, class jpabook.JpaBookApplication}', contextInitializerClasses = '[]', activeProfiles = '{}', propertySourceLocations = '{}', propertySourceProperties = '{org.springframework.boot.test.context.SpringBootTestContextBootstrapper=true}', contextCustomizers = set[org.springframework.boot.test.autoconfigure.properties.PropertyMappingContextCustomizer@0, org.springframework.boot.test.autoconfigure.web.servlet.WebDriverContextCustomizerFactory$Customizer@3f602779, org.springframework.boot.test.context.filter.ExcludeFilterContextCustomizer@6ca9bac0, org.springframework.boot.test.json.DuplicateJsonObjectContextCustomizerFactory$DuplicateJsonObjectContextCustomizer@6ecf4c2f, org.springframework.boot.test.mock.mockito.MockitoContextCustomizer@0, org.springframework.boot.test.web.client.TestRestTemplateContextCustomizer@3b07c9ef, org.springframework.boot.test.context.SpringBootTestArgs@1], resourceBasePath = 'src/main/webapp', contextLoader = 'org.springframework.boot.test.context.SpringBootContextLoader', parent = [null]], attributes = map['org.springframework.test.context.web.ServletTestExecutionListener.activateListener' -> true, 'org.springframework.test.context.web.ServletTestExecutionListener.populatedRequestContextHolder' -> true, 'org.springframework.test.context.web.ServletTestExecutionListener.resetRequestContextHolder' -> true]]; transaction manager [org.springframework.orm.jpa.JpaTransactionManager@674d96d2]; rollback [true]
2021-02-03 22:36:55.098  INFO 7856 --- [    Test worker] o.s.t.c.transaction.TransactionContext   : Rolled back transaction for test: [DefaultTestContext@1b131418 testClass = ItemServiceTest, testInstance = jpabook.jpashop.domain.item.service.ItemServiceTest@631892d, testMethod = refundStock@ItemServiceTest, testException = [null], mergedContextConfiguration = [WebMergedContextConfiguration@7cc0e9f3 testClass = ItemServiceTest, locations = '{}', classes = '{class jpabook.JpaBookApplication, class jpabook.JpaBookApplication}', contextInitializerClasses = '[]', activeProfiles = '{}', propertySourceLocations = '{}', propertySourceProperties = '{org.springframework.boot.test.context.SpringBootTestContextBootstrapper=true}', contextCustomizers = set[org.springframework.boot.test.autoconfigure.properties.PropertyMappingContextCustomizer@0, org.springframework.boot.test.autoconfigure.web.servlet.WebDriverContextCustomizerFactory$Customizer@3f602779, org.springframework.boot.test.context.filter.ExcludeFilterContextCustomizer@6ca9bac0, org.springframework.boot.test.json.DuplicateJsonObjectContextCustomizerFactory$DuplicateJsonObjectContextCustomizer@6ecf4c2f, org.springframework.boot.test.mock.mockito.MockitoContextCustomizer@0, org.springframework.boot.test.web.client.TestRestTemplateContextCustomizer@3b07c9ef, org.springframework.boot.test.context.SpringBootTestArgs@1], resourceBasePath = 'src/main/webapp', contextLoader = 'org.springframework.boot.test.context.SpringBootContextLoader', parent = [null]], attributes = map['org.springframework.test.context.web.ServletTestExecutionListener.activateListener' -> true, 'org.springframework.test.context.web.ServletTestExecutionListener.populatedRequestContextHolder' -> true, 'org.springframework.test.context.web.ServletTestExecutionListener.resetRequestContextHolder' -> true]]
2021-02-03 22:36:55.107  INFO 7856 --- [    Test worker] o.s.t.c.transaction.TransactionContext   : Began transaction (1) for test context [DefaultTestContext@1b131418 testClass = ItemServiceTest, testInstance = jpabook.jpashop.domain.item.service.ItemServiceTest@7f8ae66b, testMethod = orderItemMoreThenStock@ItemServiceTest, testException = [null], mergedContextConfiguration = [WebMergedContextConfiguration@7cc0e9f3 testClass = ItemServiceTest, locations = '{}', classes = '{class jpabook.JpaBookApplication, class jpabook.JpaBookApplication}', contextInitializerClasses = '[]', activeProfiles = '{}', propertySourceLocations = '{}', propertySourceProperties = '{org.springframework.boot.test.context.SpringBootTestContextBootstrapper=true}', contextCustomizers = set[org.springframework.boot.test.autoconfigure.properties.PropertyMappingContextCustomizer@0, org.springframework.boot.test.autoconfigure.web.servlet.WebDriverContextCustomizerFactory$Customizer@3f602779, org.springframework.boot.test.context.filter.ExcludeFilterContextCustomizer@6ca9bac0, org.springframework.boot.test.json.DuplicateJsonObjectContextCustomizerFactory$DuplicateJsonObjectContextCustomizer@6ecf4c2f, org.springframework.boot.test.mock.mockito.MockitoContextCustomizer@0, org.springframework.boot.test.web.client.TestRestTemplateContextCustomizer@3b07c9ef, org.springframework.boot.test.context.SpringBootTestArgs@1], resourceBasePath = 'src/main/webapp', contextLoader = 'org.springframework.boot.test.context.SpringBootContextLoader', parent = [null]], attributes = map['org.springframework.test.context.web.ServletTestExecutionListener.activateListener' -> true, 'org.springframework.test.context.web.ServletTestExecutionListener.populatedRequestContextHolder' -> true, 'org.springframework.test.context.web.ServletTestExecutionListener.resetRequestContextHolder' -> true]]; transaction manager [org.springframework.orm.jpa.JpaTransactionManager@674d96d2]; rollback [true]
2021-02-03 22:36:55.115  INFO 7856 --- [    Test worker] o.s.t.c.transaction.TransactionContext   : Rolled back transaction for test: [DefaultTestContext@1b131418 testClass = ItemServiceTest, testInstance = jpabook.jpashop.domain.item.service.ItemServiceTest@7f8ae66b, testMethod = orderItemMoreThenStock@ItemServiceTest, testException = [null], mergedContextConfiguration = [WebMergedContextConfiguration@7cc0e9f3 testClass = ItemServiceTest, locations = '{}', classes = '{class jpabook.JpaBookApplication, class jpabook.JpaBookApplication}', contextInitializerClasses = '[]', activeProfiles = '{}', propertySourceLocations = '{}', propertySourceProperties = '{org.springframework.boot.test.context.SpringBootTestContextBootstrapper=true}', contextCustomizers = set[org.springframework.boot.test.autoconfigure.properties.PropertyMappingContextCustomizer@0, org.springframework.boot.test.autoconfigure.web.servlet.WebDriverContextCustomizerFactory$Customizer@3f602779, org.springframework.boot.test.context.filter.ExcludeFilterContextCustomizer@6ca9bac0, org.springframework.boot.test.json.DuplicateJsonObjectContextCustomizerFactory$DuplicateJsonObjectContextCustomizer@6ecf4c2f, org.springframework.boot.test.mock.mockito.MockitoContextCustomizer@0, org.springframework.boot.test.web.client.TestRestTemplateContextCustomizer@3b07c9ef, org.springframework.boot.test.context.SpringBootTestArgs@1], resourceBasePath = 'src/main/webapp', contextLoader = 'org.springframework.boot.test.context.SpringBootContextLoader', parent = [null]], attributes = map['org.springframework.test.context.web.ServletTestExecutionListener.activateListener' -> true, 'org.springframework.test.context.web.ServletTestExecutionListener.populatedRequestContextHolder' -> true, 'org.springframework.test.context.web.ServletTestExecutionListener.resetRequestContextHolder' -> true]]
]]></system-out>
  <system-err><![CDATA[]]></system-err>
</testsuite>
