<?xml version="1.0" encoding="UTF-8"?>
<testsuite name="jpabook.jpashop.domain.member.service.MemberServiceTest" tests="2" skipped="0" failures="0" errors="0" timestamp="2021-02-03T13:36:54" hostname="baggyeongdeog-ui-MacBookAir.local" time="0.069">
  <properties/>
  <testcase name="join()" classname="jpabook.jpashop.domain.member.service.MemberServiceTest" time="0.048"/>
  <testcase name="saveMemberFail()" classname="jpabook.jpashop.domain.member.service.MemberServiceTest" time="0.019"/>
  <system-out><![CDATA[2021-02-03 22:36:54.975  INFO 7856 --- [    Test worker] .b.t.c.SpringBootTestContextBootstrapper : Neither @ContextConfiguration nor @ContextHierarchy found for test class [jpabook.jpashop.domain.member.service.MemberServiceTest], using SpringBootContextLoader
2021-02-03 22:36:54.980  INFO 7856 --- [    Test worker] o.s.t.c.support.AbstractContextLoader    : Could not detect default resource locations for test class [jpabook.jpashop.domain.member.service.MemberServiceTest]: no resource found for suffixes {-context.xml, Context.groovy}.
2021-02-03 22:36:54.991  INFO 7856 --- [    Test worker] .b.t.c.SpringBootTestContextBootstrapper : Loaded default TestExecutionListener class names from location [META-INF/spring.factories]: [org.springframework.boot.test.autoconfigure.restdocs.RestDocsTestExecutionListener, org.springframework.boot.test.autoconfigure.web.client.MockRestServiceServerResetTestExecutionListener, org.springframework.boot.test.autoconfigure.web.servlet.MockMvcPrintOnlyOnFailureTestExecutionListener, org.springframework.boot.test.autoconfigure.web.servlet.WebDriverTestExecutionListener, org.springframework.boot.test.autoconfigure.webservices.client.MockWebServiceServerTestExecutionListener, org.springframework.boot.test.mock.mockito.MockitoTestExecutionListener, org.springframework.boot.test.mock.mockito.ResetMocksTestExecutionListener, org.springframework.test.context.web.ServletTestExecutionListener, org.springframework.test.context.support.DirtiesContextBeforeModesTestExecutionListener, org.springframework.test.context.support.DependencyInjectionTestExecutionListener, org.springframework.test.context.support.DirtiesContextTestExecutionListener, org.springframework.test.context.transaction.TransactionalTestExecutionListener, org.springframework.test.context.jdbc.SqlScriptsTestExecutionListener, org.springframework.test.context.event.EventPublishingTestExecutionListener]
2021-02-03 22:36:54.992  INFO 7856 --- [    Test worker] .b.t.c.SpringBootTestContextBootstrapper : Using TestExecutionListeners: [org.springframework.test.context.web.ServletTestExecutionListener@215b041, org.springframework.test.context.support.DirtiesContextBeforeModesTestExecutionListener@d083f9e, org.springframework.boot.test.mock.mockito.MockitoTestExecutionListener@1621c25c, org.springframework.boot.test.autoconfigure.SpringBootDependencyInjectionTestExecutionListener@5477b803, org.springframework.test.context.support.DirtiesContextTestExecutionListener@7bcf8d74, org.springframework.test.context.transaction.TransactionalTestExecutionListener@37f7a95c, org.springframework.test.context.jdbc.SqlScriptsTestExecutionListener@2fdcbedc, org.springframework.test.context.event.EventPublishingTestExecutionListener@4602ac84, org.springframework.boot.test.autoconfigure.restdocs.RestDocsTestExecutionListener@41212d1d, org.springframework.boot.test.autoconfigure.web.client.MockRestServiceServerResetTestExecutionListener@4b16c12c, org.springframework.boot.test.autoconfigure.web.servlet.MockMvcPrintOnlyOnFailureTestExecutionListener@1f6bccc, org.springframework.boot.test.autoconfigure.web.servlet.WebDriverTestExecutionListener@52c346fa, org.springframework.boot.test.autoconfigure.webservices.client.MockWebServiceServerTestExecutionListener@1a42d07a, org.springframework.boot.test.mock.mockito.ResetMocksTestExecutionListener@67a06dbf]
2021-02-03 22:36:55.002  INFO 7856 --- [    Test worker] o.s.t.c.transaction.TransactionContext   : Began transaction (1) for test context [DefaultTestContext@1bb8c547 testClass = MemberServiceTest, testInstance = jpabook.jpashop.domain.member.service.MemberServiceTest@1775074a, testMethod = join@MemberServiceTest, testException = [null], mergedContextConfiguration = [WebMergedContextConfiguration@735c5d8e testClass = MemberServiceTest, locations = '{}', classes = '{class jpabook.JpaBookApplication, class jpabook.JpaBookApplication}', contextInitializerClasses = '[]', activeProfiles = '{}', propertySourceLocations = '{}', propertySourceProperties = '{org.springframework.boot.test.context.SpringBootTestContextBootstrapper=true}', contextCustomizers = set[org.springframework.boot.test.autoconfigure.properties.PropertyMappingContextCustomizer@0, org.springframework.boot.test.autoconfigure.web.servlet.WebDriverContextCustomizerFactory$Customizer@3f602779, org.springframework.boot.test.context.filter.ExcludeFilterContextCustomizer@6ca9bac0, org.springframework.boot.test.json.DuplicateJsonObjectContextCustomizerFactory$DuplicateJsonObjectContextCustomizer@6ecf4c2f, org.springframework.boot.test.mock.mockito.MockitoContextCustomizer@0, org.springframework.boot.test.web.client.TestRestTemplateContextCustomizer@3b07c9ef, org.springframework.boot.test.context.SpringBootTestArgs@1], resourceBasePath = 'src/main/webapp', contextLoader = 'org.springframework.boot.test.context.SpringBootContextLoader', parent = [null]], attributes = map['org.springframework.test.context.web.ServletTestExecutionListener.activateListener' -> true, 'org.springframework.test.context.web.ServletTestExecutionListener.populatedRequestContextHolder' -> true, 'org.springframework.test.context.web.ServletTestExecutionListener.resetRequestContextHolder' -> true]]; transaction manager [org.springframework.orm.jpa.JpaTransactionManager@674d96d2]; rollback [true]
2021-02-03 22:36:55.047  INFO 7856 --- [    Test worker] o.s.t.c.transaction.TransactionContext   : Rolled back transaction for test: [DefaultTestContext@1bb8c547 testClass = MemberServiceTest, testInstance = jpabook.jpashop.domain.member.service.MemberServiceTest@1775074a, testMethod = join@MemberServiceTest, testException = [null], mergedContextConfiguration = [WebMergedContextConfiguration@735c5d8e testClass = MemberServiceTest, locations = '{}', classes = '{class jpabook.JpaBookApplication, class jpabook.JpaBookApplication}', contextInitializerClasses = '[]', activeProfiles = '{}', propertySourceLocations = '{}', propertySourceProperties = '{org.springframework.boot.test.context.SpringBootTestContextBootstrapper=true}', contextCustomizers = set[org.springframework.boot.test.autoconfigure.properties.PropertyMappingContextCustomizer@0, org.springframework.boot.test.autoconfigure.web.servlet.WebDriverContextCustomizerFactory$Customizer@3f602779, org.springframework.boot.test.context.filter.ExcludeFilterContextCustomizer@6ca9bac0, org.springframework.boot.test.json.DuplicateJsonObjectContextCustomizerFactory$DuplicateJsonObjectContextCustomizer@6ecf4c2f, org.springframework.boot.test.mock.mockito.MockitoContextCustomizer@0, org.springframework.boot.test.web.client.TestRestTemplateContextCustomizer@3b07c9ef, org.springframework.boot.test.context.SpringBootTestArgs@1], resourceBasePath = 'src/main/webapp', contextLoader = 'org.springframework.boot.test.context.SpringBootContextLoader', parent = [null]], attributes = map['org.springframework.test.context.web.ServletTestExecutionListener.activateListener' -> true, 'org.springframework.test.context.web.ServletTestExecutionListener.populatedRequestContextHolder' -> true, 'org.springframework.test.context.web.ServletTestExecutionListener.resetRequestContextHolder' -> true]]
2021-02-03 22:36:55.054  INFO 7856 --- [    Test worker] o.s.t.c.transaction.TransactionContext   : Began transaction (1) for test context [DefaultTestContext@1bb8c547 testClass = MemberServiceTest, testInstance = jpabook.jpashop.domain.member.service.MemberServiceTest@5fd7af97, testMethod = saveMemberFail@MemberServiceTest, testException = [null], mergedContextConfiguration = [WebMergedContextConfiguration@735c5d8e testClass = MemberServiceTest, locations = '{}', classes = '{class jpabook.JpaBookApplication, class jpabook.JpaBookApplication}', contextInitializerClasses = '[]', activeProfiles = '{}', propertySourceLocations = '{}', propertySourceProperties = '{org.springframework.boot.test.context.SpringBootTestContextBootstrapper=true}', contextCustomizers = set[org.springframework.boot.test.autoconfigure.properties.PropertyMappingContextCustomizer@0, org.springframework.boot.test.autoconfigure.web.servlet.WebDriverContextCustomizerFactory$Customizer@3f602779, org.springframework.boot.test.context.filter.ExcludeFilterContextCustomizer@6ca9bac0, org.springframework.boot.test.json.DuplicateJsonObjectContextCustomizerFactory$DuplicateJsonObjectContextCustomizer@6ecf4c2f, org.springframework.boot.test.mock.mockito.MockitoContextCustomizer@0, org.springframework.boot.test.web.client.TestRestTemplateContextCustomizer@3b07c9ef, org.springframework.boot.test.context.SpringBootTestArgs@1], resourceBasePath = 'src/main/webapp', contextLoader = 'org.springframework.boot.test.context.SpringBootContextLoader', parent = [null]], attributes = map['org.springframework.test.context.web.ServletTestExecutionListener.activateListener' -> true, 'org.springframework.test.context.web.ServletTestExecutionListener.populatedRequestContextHolder' -> true, 'org.springframework.test.context.web.ServletTestExecutionListener.resetRequestContextHolder' -> true]]; transaction manager [org.springframework.orm.jpa.JpaTransactionManager@674d96d2]; rollback [true]
2021-02-03 22:36:55.068  INFO 7856 --- [    Test worker] o.s.t.c.transaction.TransactionContext   : Rolled back transaction for test: [DefaultTestContext@1bb8c547 testClass = MemberServiceTest, testInstance = jpabook.jpashop.domain.member.service.MemberServiceTest@5fd7af97, testMethod = saveMemberFail@MemberServiceTest, testException = [null], mergedContextConfiguration = [WebMergedContextConfiguration@735c5d8e testClass = MemberServiceTest, locations = '{}', classes = '{class jpabook.JpaBookApplication, class jpabook.JpaBookApplication}', contextInitializerClasses = '[]', activeProfiles = '{}', propertySourceLocations = '{}', propertySourceProperties = '{org.springframework.boot.test.context.SpringBootTestContextBootstrapper=true}', contextCustomizers = set[org.springframework.boot.test.autoconfigure.properties.PropertyMappingContextCustomizer@0, org.springframework.boot.test.autoconfigure.web.servlet.WebDriverContextCustomizerFactory$Customizer@3f602779, org.springframework.boot.test.context.filter.ExcludeFilterContextCustomizer@6ca9bac0, org.springframework.boot.test.json.DuplicateJsonObjectContextCustomizerFactory$DuplicateJsonObjectContextCustomizer@6ecf4c2f, org.springframework.boot.test.mock.mockito.MockitoContextCustomizer@0, org.springframework.boot.test.web.client.TestRestTemplateContextCustomizer@3b07c9ef, org.springframework.boot.test.context.SpringBootTestArgs@1], resourceBasePath = 'src/main/webapp', contextLoader = 'org.springframework.boot.test.context.SpringBootContextLoader', parent = [null]], attributes = map['org.springframework.test.context.web.ServletTestExecutionListener.activateListener' -> true, 'org.springframework.test.context.web.ServletTestExecutionListener.populatedRequestContextHolder' -> true, 'org.springframework.test.context.web.ServletTestExecutionListener.resetRequestContextHolder' -> true]]
]]></system-out>
  <system-err><![CDATA[]]></system-err>
</testsuite>
