<?xml version="1.0" encoding="UTF-8"?>
<testsuite name="jpabook.jpashop.domain.item.service.ItemServiceTest" tests="3" skipped="0" failures="0" errors="0" timestamp="2021-02-03T13:04:40" hostname="baggyeongdeog-ui-MacBookAir.local" time="0.044">
  <properties/>
  <testcase name="saveItem()" classname="jpabook.jpashop.domain.item.service.ItemServiceTest" time="0.024"/>
  <testcase name="refundStock()" classname="jpabook.jpashop.domain.item.service.ItemServiceTest" time="0.008"/>
  <testcase name="orderItemMoreThenStock()" classname="jpabook.jpashop.domain.item.service.ItemServiceTest" time="0.009"/>
  <system-out><![CDATA[2021-02-03 22:04:40.853  INFO 4928 --- [    Test worker] .b.t.c.SpringBootTestContextBootstrapper : Neither @ContextConfiguration nor @ContextHierarchy found for test class [jpabook.jpashop.domain.item.service.ItemServiceTest], using SpringBootContextLoader
2021-02-03 22:04:40.857  INFO 4928 --- [    Test worker] o.s.t.c.support.AbstractContextLoader    : Could not detect default resource locations for test class [jpabook.jpashop.domain.item.service.ItemServiceTest]: no resource found for suffixes {-context.xml, Context.groovy}.
2021-02-03 22:04:40.869  INFO 4928 --- [    Test worker] .b.t.c.SpringBootTestContextBootstrapper : Loaded default TestExecutionListener class names from location [META-INF/spring.factories]: [org.springframework.boot.test.autoconfigure.restdocs.RestDocsTestExecutionListener, org.springframework.boot.test.autoconfigure.web.client.MockRestServiceServerResetTestExecutionListener, org.springframework.boot.test.autoconfigure.web.servlet.MockMvcPrintOnlyOnFailureTestExecutionListener, org.springframework.boot.test.autoconfigure.web.servlet.WebDriverTestExecutionListener, org.springframework.boot.test.autoconfigure.webservices.client.MockWebServiceServerTestExecutionListener, org.springframework.boot.test.mock.mockito.MockitoTestExecutionListener, org.springframework.boot.test.mock.mockito.ResetMocksTestExecutionListener, org.springframework.test.context.web.ServletTestExecutionListener, org.springframework.test.context.support.DirtiesContextBeforeModesTestExecutionListener, org.springframework.test.context.support.DependencyInjectionTestExecutionListener, org.springframework.test.context.support.DirtiesContextTestExecutionListener, org.springframework.test.context.transaction.TransactionalTestExecutionListener, org.springframework.test.context.jdbc.SqlScriptsTestExecutionListener, org.springframework.test.context.event.EventPublishingTestExecutionListener]
2021-02-03 22:04:40.870  INFO 4928 --- [    Test worker] .b.t.c.SpringBootTestContextBootstrapper : Using TestExecutionListeners: [org.springframework.test.context.web.ServletTestExecutionListener@143f3fe6, org.springframework.test.context.support.DirtiesContextBeforeModesTestExecutionListener@2dbb7938, org.springframework.boot.test.mock.mockito.MockitoTestExecutionListener@695a4dc1, org.springframework.boot.test.autoconfigure.SpringBootDependencyInjectionTestExecutionListener@65c2189f, org.springframework.test.context.support.DirtiesContextTestExecutionListener@8efcbce, org.springframework.test.context.transaction.TransactionalTestExecutionListener@7eeb0152, org.springframework.test.context.jdbc.SqlScriptsTestExecutionListener@45647f0b, org.springframework.test.context.event.EventPublishingTestExecutionListener@309781d8, org.springframework.boot.test.autoconfigure.restdocs.RestDocsTestExecutionListener@46508dbf, org.springframework.boot.test.autoconfigure.web.client.MockRestServiceServerResetTestExecutionListener@6097f5b6, org.springframework.boot.test.autoconfigure.web.servlet.MockMvcPrintOnlyOnFailureTestExecutionListener@6ed4288, org.springframework.boot.test.autoconfigure.web.servlet.WebDriverTestExecutionListener@af88acc, org.springframework.boot.test.autoconfigure.webservices.client.MockWebServiceServerTestExecutionListener@4807c359, org.springframework.boot.test.mock.mockito.ResetMocksTestExecutionListener@17e2a5aa]
2021-02-03 22:04:40.891  INFO 4928 --- [    Test worker] o.s.t.c.transaction.TransactionContext   : Began transaction (1) for test context [DefaultTestContext@35970784 testClass = ItemServiceTest, testInstance = jpabook.jpashop.domain.item.service.ItemServiceTest@437c1764, testMethod = saveItem@ItemServiceTest, testException = [null], mergedContextConfiguration = [WebMergedContextConfiguration@41b13554 testClass = ItemServiceTest, locations = '{}', classes = '{class jpabook.JpaBookApplication, class jpabook.JpaBookApplication}', contextInitializerClasses = '[]', activeProfiles = '{}', propertySourceLocations = '{}', propertySourceProperties = '{org.springframework.boot.test.context.SpringBootTestContextBootstrapper=true}', contextCustomizers = set[org.springframework.boot.test.autoconfigure.properties.PropertyMappingContextCustomizer@0, org.springframework.boot.test.autoconfigure.web.servlet.WebDriverContextCustomizerFactory$Customizer@3f602779, org.springframework.boot.test.context.filter.ExcludeFilterContextCustomizer@6ca9bac0, org.springframework.boot.test.json.DuplicateJsonObjectContextCustomizerFactory$DuplicateJsonObjectContextCustomizer@6ecf4c2f, org.springframework.boot.test.mock.mockito.MockitoContextCustomizer@0, org.springframework.boot.test.web.client.TestRestTemplateContextCustomizer@3b07c9ef, org.springframework.boot.test.context.SpringBootTestArgs@1], resourceBasePath = 'src/main/webapp', contextLoader = 'org.springframework.boot.test.context.SpringBootContextLoader', parent = [null]], attributes = map['org.springframework.test.context.web.ServletTestExecutionListener.activateListener' -> true, 'org.springframework.test.context.web.ServletTestExecutionListener.populatedRequestContextHolder' -> true, 'org.springframework.test.context.web.ServletTestExecutionListener.resetRequestContextHolder' -> true]]; transaction manager [org.springframework.orm.jpa.JpaTransactionManager@29846ba0]; rollback [true]
2021-02-03 22:04:40.908  INFO 4928 --- [    Test worker] o.s.t.c.transaction.TransactionContext   : Rolled back transaction for test: [DefaultTestContext@35970784 testClass = ItemServiceTest, testInstance = jpabook.jpashop.domain.item.service.ItemServiceTest@437c1764, testMethod = saveItem@ItemServiceTest, testException = [null], mergedContextConfiguration = [WebMergedContextConfiguration@41b13554 testClass = ItemServiceTest, locations = '{}', classes = '{class jpabook.JpaBookApplication, class jpabook.JpaBookApplication}', contextInitializerClasses = '[]', activeProfiles = '{}', propertySourceLocations = '{}', propertySourceProperties = '{org.springframework.boot.test.context.SpringBootTestContextBootstrapper=true}', contextCustomizers = set[org.springframework.boot.test.autoconfigure.properties.PropertyMappingContextCustomizer@0, org.springframework.boot.test.autoconfigure.web.servlet.WebDriverContextCustomizerFactory$Customizer@3f602779, org.springframework.boot.test.context.filter.ExcludeFilterContextCustomizer@6ca9bac0, org.springframework.boot.test.json.DuplicateJsonObjectContextCustomizerFactory$DuplicateJsonObjectContextCustomizer@6ecf4c2f, org.springframework.boot.test.mock.mockito.MockitoContextCustomizer@0, org.springframework.boot.test.web.client.TestRestTemplateContextCustomizer@3b07c9ef, org.springframework.boot.test.context.SpringBootTestArgs@1], resourceBasePath = 'src/main/webapp', contextLoader = 'org.springframework.boot.test.context.SpringBootContextLoader', parent = [null]], attributes = map['org.springframework.test.context.web.ServletTestExecutionListener.activateListener' -> true, 'org.springframework.test.context.web.ServletTestExecutionListener.populatedRequestContextHolder' -> true, 'org.springframework.test.context.web.ServletTestExecutionListener.resetRequestContextHolder' -> true]]
2021-02-03 22:04:40.915  INFO 4928 --- [    Test worker] o.s.t.c.transaction.TransactionContext   : Began transaction (1) for test context [DefaultTestContext@35970784 testClass = ItemServiceTest, testInstance = jpabook.jpashop.domain.item.service.ItemServiceTest@bd57e8c, testMethod = refundStock@ItemServiceTest, testException = [null], mergedContextConfiguration = [WebMergedContextConfiguration@41b13554 testClass = ItemServiceTest, locations = '{}', classes = '{class jpabook.JpaBookApplication, class jpabook.JpaBookApplication}', contextInitializerClasses = '[]', activeProfiles = '{}', propertySourceLocations = '{}', propertySourceProperties = '{org.springframework.boot.test.context.SpringBootTestContextBootstrapper=true}', contextCustomizers = set[org.springframework.boot.test.autoconfigure.properties.PropertyMappingContextCustomizer@0, org.springframework.boot.test.autoconfigure.web.servlet.WebDriverContextCustomizerFactory$Customizer@3f602779, org.springframework.boot.test.context.filter.ExcludeFilterContextCustomizer@6ca9bac0, org.springframework.boot.test.json.DuplicateJsonObjectContextCustomizerFactory$DuplicateJsonObjectContextCustomizer@6ecf4c2f, org.springframework.boot.test.mock.mockito.MockitoContextCustomizer@0, org.springframework.boot.test.web.client.TestRestTemplateContextCustomizer@3b07c9ef, org.springframework.boot.test.context.SpringBootTestArgs@1], resourceBasePath = 'src/main/webapp', contextLoader = 'org.springframework.boot.test.context.SpringBootContextLoader', parent = [null]], attributes = map['org.springframework.test.context.web.ServletTestExecutionListener.activateListener' -> true, 'org.springframework.test.context.web.ServletTestExecutionListener.populatedRequestContextHolder' -> true, 'org.springframework.test.context.web.ServletTestExecutionListener.resetRequestContextHolder' -> true]]; transaction manager [org.springframework.orm.jpa.JpaTransactionManager@29846ba0]; rollback [true]
2021-02-03 22:04:40.918  INFO 4928 --- [    Test worker] o.s.t.c.transaction.TransactionContext   : Rolled back transaction for test: [DefaultTestContext@35970784 testClass = ItemServiceTest, testInstance = jpabook.jpashop.domain.item.service.ItemServiceTest@bd57e8c, testMethod = refundStock@ItemServiceTest, testException = [null], mergedContextConfiguration = [WebMergedContextConfiguration@41b13554 testClass = ItemServiceTest, locations = '{}', classes = '{class jpabook.JpaBookApplication, class jpabook.JpaBookApplication}', contextInitializerClasses = '[]', activeProfiles = '{}', propertySourceLocations = '{}', propertySourceProperties = '{org.springframework.boot.test.context.SpringBootTestContextBootstrapper=true}', contextCustomizers = set[org.springframework.boot.test.autoconfigure.properties.PropertyMappingContextCustomizer@0, org.springframework.boot.test.autoconfigure.web.servlet.WebDriverContextCustomizerFactory$Customizer@3f602779, org.springframework.boot.test.context.filter.ExcludeFilterContextCustomizer@6ca9bac0, org.springframework.boot.test.json.DuplicateJsonObjectContextCustomizerFactory$DuplicateJsonObjectContextCustomizer@6ecf4c2f, org.springframework.boot.test.mock.mockito.MockitoContextCustomizer@0, org.springframework.boot.test.web.client.TestRestTemplateContextCustomizer@3b07c9ef, org.springframework.boot.test.context.SpringBootTestArgs@1], resourceBasePath = 'src/main/webapp', contextLoader = 'org.springframework.boot.test.context.SpringBootContextLoader', parent = [null]], attributes = map['org.springframework.test.context.web.ServletTestExecutionListener.activateListener' -> true, 'org.springframework.test.context.web.ServletTestExecutionListener.populatedRequestContextHolder' -> true, 'org.springframework.test.context.web.ServletTestExecutionListener.resetRequestContextHolder' -> true]]
2021-02-03 22:04:40.923  INFO 4928 --- [    Test worker] o.s.t.c.transaction.TransactionContext   : Began transaction (1) for test context [DefaultTestContext@35970784 testClass = ItemServiceTest, testInstance = jpabook.jpashop.domain.item.service.ItemServiceTest@912d99a, testMethod = orderItemMoreThenStock@ItemServiceTest, testException = [null], mergedContextConfiguration = [WebMergedContextConfiguration@41b13554 testClass = ItemServiceTest, locations = '{}', classes = '{class jpabook.JpaBookApplication, class jpabook.JpaBookApplication}', contextInitializerClasses = '[]', activeProfiles = '{}', propertySourceLocations = '{}', propertySourceProperties = '{org.springframework.boot.test.context.SpringBootTestContextBootstrapper=true}', contextCustomizers = set[org.springframework.boot.test.autoconfigure.properties.PropertyMappingContextCustomizer@0, org.springframework.boot.test.autoconfigure.web.servlet.WebDriverContextCustomizerFactory$Customizer@3f602779, org.springframework.boot.test.context.filter.ExcludeFilterContextCustomizer@6ca9bac0, org.springframework.boot.test.json.DuplicateJsonObjectContextCustomizerFactory$DuplicateJsonObjectContextCustomizer@6ecf4c2f, org.springframework.boot.test.mock.mockito.MockitoContextCustomizer@0, org.springframework.boot.test.web.client.TestRestTemplateContextCustomizer@3b07c9ef, org.springframework.boot.test.context.SpringBootTestArgs@1], resourceBasePath = 'src/main/webapp', contextLoader = 'org.springframework.boot.test.context.SpringBootContextLoader', parent = [null]], attributes = map['org.springframework.test.context.web.ServletTestExecutionListener.activateListener' -> true, 'org.springframework.test.context.web.ServletTestExecutionListener.populatedRequestContextHolder' -> true, 'org.springframework.test.context.web.ServletTestExecutionListener.resetRequestContextHolder' -> true]]; transaction manager [org.springframework.orm.jpa.JpaTransactionManager@29846ba0]; rollback [true]
2021-02-03 22:04:40.929  INFO 4928 --- [    Test worker] o.s.t.c.transaction.TransactionContext   : Rolled back transaction for test: [DefaultTestContext@35970784 testClass = ItemServiceTest, testInstance = jpabook.jpashop.domain.item.service.ItemServiceTest@912d99a, testMethod = orderItemMoreThenStock@ItemServiceTest, testException = [null], mergedContextConfiguration = [WebMergedContextConfiguration@41b13554 testClass = ItemServiceTest, locations = '{}', classes = '{class jpabook.JpaBookApplication, class jpabook.JpaBookApplication}', contextInitializerClasses = '[]', activeProfiles = '{}', propertySourceLocations = '{}', propertySourceProperties = '{org.springframework.boot.test.context.SpringBootTestContextBootstrapper=true}', contextCustomizers = set[org.springframework.boot.test.autoconfigure.properties.PropertyMappingContextCustomizer@0, org.springframework.boot.test.autoconfigure.web.servlet.WebDriverContextCustomizerFactory$Customizer@3f602779, org.springframework.boot.test.context.filter.ExcludeFilterContextCustomizer@6ca9bac0, org.springframework.boot.test.json.DuplicateJsonObjectContextCustomizerFactory$DuplicateJsonObjectContextCustomizer@6ecf4c2f, org.springframework.boot.test.mock.mockito.MockitoContextCustomizer@0, org.springframework.boot.test.web.client.TestRestTemplateContextCustomizer@3b07c9ef, org.springframework.boot.test.context.SpringBootTestArgs@1], resourceBasePath = 'src/main/webapp', contextLoader = 'org.springframework.boot.test.context.SpringBootContextLoader', parent = [null]], attributes = map['org.springframework.test.context.web.ServletTestExecutionListener.activateListener' -> true, 'org.springframework.test.context.web.ServletTestExecutionListener.populatedRequestContextHolder' -> true, 'org.springframework.test.context.web.ServletTestExecutionListener.resetRequestContextHolder' -> true]]
]]></system-out>
  <system-err><![CDATA[]]></system-err>
</testsuite>
