<?xml version="1.0" encoding="UTF-8"?>
<testsuite name="jpabook.jpashop.domain.item.ItemControllerTest" tests="1" skipped="0" failures="0" errors="0" timestamp="2021-01-17T05:31:03" hostname="baggyeongdeog-ui-MacBookAir.local" time="0.816">
  <properties/>
  <testcase name="accessToItemListPage()" classname="jpabook.jpashop.domain.item.ItemControllerTest" time="0.816"/>
  <system-out><![CDATA[14:30:52.320 [Test worker] DEBUG org.springframework.test.context.BootstrapUtils - Instantiating CacheAwareContextLoaderDelegate from class [org.springframework.test.context.cache.DefaultCacheAwareContextLoaderDelegate]
14:30:52.335 [Test worker] DEBUG org.springframework.test.context.BootstrapUtils - Instantiating BootstrapContext using constructor [public org.springframework.test.context.support.DefaultBootstrapContext(java.lang.Class,org.springframework.test.context.CacheAwareContextLoaderDelegate)]
14:30:52.378 [Test worker] DEBUG org.springframework.test.context.BootstrapUtils - Instantiating TestContextBootstrapper for test class [jpabook.jpashop.domain.item.ItemControllerTest] from class [org.springframework.boot.test.context.SpringBootTestContextBootstrapper]
14:30:52.390 [Test worker] INFO org.springframework.boot.test.context.SpringBootTestContextBootstrapper - Neither @ContextConfiguration nor @ContextHierarchy found for test class [jpabook.jpashop.domain.item.ItemControllerTest], using SpringBootContextLoader
14:30:52.397 [Test worker] DEBUG org.springframework.test.context.support.AbstractContextLoader - Did not detect default resource location for test class [jpabook.jpashop.domain.item.ItemControllerTest]: class path resource [jpabook/jpashop/domain/item/ItemControllerTest-context.xml] does not exist
14:30:52.398 [Test worker] DEBUG org.springframework.test.context.support.AbstractContextLoader - Did not detect default resource location for test class [jpabook.jpashop.domain.item.ItemControllerTest]: class path resource [jpabook/jpashop/domain/item/ItemControllerTestContext.groovy] does not exist
14:30:52.399 [Test worker] INFO org.springframework.test.context.support.AbstractContextLoader - Could not detect default resource locations for test class [jpabook.jpashop.domain.item.ItemControllerTest]: no resource found for suffixes {-context.xml, Context.groovy}.
14:30:52.399 [Test worker] INFO org.springframework.test.context.support.AnnotationConfigContextLoaderUtils - Could not detect default configuration classes for test class [jpabook.jpashop.domain.item.ItemControllerTest]: ItemControllerTest does not declare any static, non-private, non-final, nested classes annotated with @Configuration.
14:30:52.445 [Test worker] DEBUG org.springframework.test.context.support.ActiveProfilesUtils - Could not find an 'annotation declaring class' for annotation type [org.springframework.test.context.ActiveProfiles] and class [jpabook.jpashop.domain.item.ItemControllerTest]
14:30:52.550 [Test worker] DEBUG org.springframework.context.annotation.ClassPathScanningCandidateComponentProvider - Identified candidate component class: file [/Users/kdpark/IdeaProjects/jpabook/build/classes/java/main/jpabook/JpaBookApplication.class]
14:30:52.553 [Test worker] INFO org.springframework.boot.test.context.SpringBootTestContextBootstrapper - Found @SpringBootConfiguration jpabook.JpaBookApplication for test class jpabook.jpashop.domain.item.ItemControllerTest
14:30:52.629 [Test worker] DEBUG org.springframework.boot.test.context.SpringBootTestContextBootstrapper - @TestExecutionListeners is not present for class [jpabook.jpashop.domain.item.ItemControllerTest]: using defaults.
14:30:52.630 [Test worker] INFO org.springframework.boot.test.context.SpringBootTestContextBootstrapper - Loaded default TestExecutionListener class names from location [META-INF/spring.factories]: [org.springframework.boot.test.autoconfigure.restdocs.RestDocsTestExecutionListener, org.springframework.boot.test.autoconfigure.web.client.MockRestServiceServerResetTestExecutionListener, org.springframework.boot.test.autoconfigure.web.servlet.MockMvcPrintOnlyOnFailureTestExecutionListener, org.springframework.boot.test.autoconfigure.web.servlet.WebDriverTestExecutionListener, org.springframework.boot.test.autoconfigure.webservices.client.MockWebServiceServerTestExecutionListener, org.springframework.boot.test.mock.mockito.MockitoTestExecutionListener, org.springframework.boot.test.mock.mockito.ResetMocksTestExecutionListener, org.springframework.test.context.web.ServletTestExecutionListener, org.springframework.test.context.support.DirtiesContextBeforeModesTestExecutionListener, org.springframework.test.context.support.DependencyInjectionTestExecutionListener, org.springframework.test.context.support.DirtiesContextTestExecutionListener, org.springframework.test.context.transaction.TransactionalTestExecutionListener, org.springframework.test.context.jdbc.SqlScriptsTestExecutionListener, org.springframework.test.context.event.EventPublishingTestExecutionListener]
14:30:52.640 [Test worker] INFO org.springframework.boot.test.context.SpringBootTestContextBootstrapper - Using TestExecutionListeners: [org.springframework.test.context.web.ServletTestExecutionListener@35457d38, org.springframework.test.context.support.DirtiesContextBeforeModesTestExecutionListener@13614170, org.springframework.boot.test.mock.mockito.MockitoTestExecutionListener@16e331a9, org.springframework.boot.test.autoconfigure.SpringBootDependencyInjectionTestExecutionListener@55f314b2, org.springframework.test.context.support.DirtiesContextTestExecutionListener@4b410f89, org.springframework.test.context.transaction.TransactionalTestExecutionListener@52b2ad50, org.springframework.test.context.jdbc.SqlScriptsTestExecutionListener@5dd3a0d6, org.springframework.test.context.event.EventPublishingTestExecutionListener@1048695a, org.springframework.boot.test.autoconfigure.restdocs.RestDocsTestExecutionListener@5336119d, org.springframework.boot.test.autoconfigure.web.client.MockRestServiceServerResetTestExecutionListener@14a9ee86, org.springframework.boot.test.autoconfigure.web.servlet.MockMvcPrintOnlyOnFailureTestExecutionListener@543c29d5, org.springframework.boot.test.autoconfigure.web.servlet.WebDriverTestExecutionListener@76d98b1, org.springframework.boot.test.autoconfigure.webservices.client.MockWebServiceServerTestExecutionListener@6434db38, org.springframework.boot.test.mock.mockito.ResetMocksTestExecutionListener@3fb2c4e6]
14:30:52.644 [Test worker] DEBUG org.springframework.test.context.support.AbstractDirtiesContextTestExecutionListener - Before test class: context [DefaultTestContext@49edb7cb testClass = ItemControllerTest, testInstance = [null], testMethod = [null], testException = [null], mergedContextConfiguration = [WebMergedContextConfiguration@512419de testClass = ItemControllerTest, locations = '{}', classes = '{class jpabook.JpaBookApplication}', contextInitializerClasses = '[]', activeProfiles = '{}', propertySourceLocations = '{}', propertySourceProperties = '{org.springframework.boot.test.context.SpringBootTestContextBootstrapper=true, server.port=0}', contextCustomizers = set[org.springframework.boot.test.autoconfigure.properties.PropertyMappingContextCustomizer@0, org.springframework.boot.test.autoconfigure.web.servlet.WebDriverContextCustomizerFactory$Customizer@73147814, org.springframework.boot.test.context.filter.ExcludeFilterContextCustomizer@8173ef0, org.springframework.boot.test.json.DuplicateJsonObjectContextCustomizerFactory$DuplicateJsonObjectContextCustomizer@6f0ec462, org.springframework.boot.test.mock.mockito.MockitoContextCustomizer@0, org.springframework.boot.test.web.client.TestRestTemplateContextCustomizer@588acd46, org.springframework.boot.test.context.SpringBootTestArgs@1], resourceBasePath = 'src/main/webapp', contextLoader = 'org.springframework.boot.test.context.SpringBootContextLoader', parent = [null]], attributes = map['org.springframework.test.context.web.ServletTestExecutionListener.activateListener' -> false]], class annotated with @DirtiesContext [false] with mode [null].
14:30:52.650 [Test worker] DEBUG org.springframework.test.context.support.DependencyInjectionTestExecutionListener - Performing dependency injection for test context [[DefaultTestContext@49edb7cb testClass = ItemControllerTest, testInstance = jpabook.jpashop.domain.item.ItemControllerTest@437288ce, testMethod = [null], testException = [null], mergedContextConfiguration = [WebMergedContextConfiguration@512419de testClass = ItemControllerTest, locations = '{}', classes = '{class jpabook.JpaBookApplication}', contextInitializerClasses = '[]', activeProfiles = '{}', propertySourceLocations = '{}', propertySourceProperties = '{org.springframework.boot.test.context.SpringBootTestContextBootstrapper=true, server.port=0}', contextCustomizers = set[org.springframework.boot.test.autoconfigure.properties.PropertyMappingContextCustomizer@0, org.springframework.boot.test.autoconfigure.web.servlet.WebDriverContextCustomizerFactory$Customizer@73147814, org.springframework.boot.test.context.filter.ExcludeFilterContextCustomizer@8173ef0, org.springframework.boot.test.json.DuplicateJsonObjectContextCustomizerFactory$DuplicateJsonObjectContextCustomizer@6f0ec462, org.springframework.boot.test.mock.mockito.MockitoContextCustomizer@0, org.springframework.boot.test.web.client.TestRestTemplateContextCustomizer@588acd46, org.springframework.boot.test.context.SpringBootTestArgs@1], resourceBasePath = 'src/main/webapp', contextLoader = 'org.springframework.boot.test.context.SpringBootContextLoader', parent = [null]], attributes = map['org.springframework.test.context.web.ServletTestExecutionListener.activateListener' -> false]]].
14:30:52.668 [Test worker] DEBUG org.springframework.test.context.support.TestPropertySourceUtils - Adding inlined properties to environment: {spring.jmx.enabled=false, org.springframework.boot.test.context.SpringBootTestContextBootstrapper=true, server.port=0}

  .   ____          _            __ _ _
 /\\ / ___'_ __ _ _(_)_ __  __ _ \ \ \ \
( ( )\___ | '_ | '_| | '_ \/ _` | \ \ \ \
 \\/  ___)| |_)| | | | | || (_| |  ) ) ) )
  '  |____| .__|_| |_|_| |_\__, | / / / /
 =========|_|==============|___/=/_/_/_/
 :: Spring Boot ::        (v2.3.4.RELEASE)

2021-01-17 14:30:58.147  INFO 1543 --- [    Test worker] j.j.domain.item.ItemControllerTest       : Starting ItemControllerTest on baggyeongdeog-ui-MacBookAir.local with PID 1543 (started by kdpark in /Users/kdpark/IdeaProjects/jpabook)
2021-01-17 14:30:58.150  INFO 1543 --- [    Test worker] j.j.domain.item.ItemControllerTest       : No active profile set, falling back to default profiles: default
2021-01-17 14:30:59.210  INFO 1543 --- [    Test worker] .s.d.r.c.RepositoryConfigurationDelegate : Bootstrapping Spring Data JPA repositories in DEFERRED mode.
2021-01-17 14:30:59.250  INFO 1543 --- [    Test worker] .s.d.r.c.RepositoryConfigurationDelegate : Finished Spring Data repository scanning in 29ms. Found 0 JPA repository interfaces.
2021-01-17 14:30:59.810  INFO 1543 --- [    Test worker] trationDelegate$BeanPostProcessorChecker : Bean 'pl.allegro.tech.boot.autoconfigure.handlebars.HandlebarsHelpersAutoConfiguration' of type [pl.allegro.tech.boot.autoconfigure.handlebars.HandlebarsHelpersAutoConfiguration$$EnhancerBySpringCGLIB$$5c116685] is not eligible for getting processed by all BeanPostProcessors (for example: not eligible for auto-proxying)
2021-01-17 14:30:59.882  INFO 1543 --- [    Test worker] trationDelegate$BeanPostProcessorChecker : Bean 'handlebars.resolver-pl.allegro.tech.boot.autoconfigure.handlebars.HandlebarsValueResolversProperties' of type [pl.allegro.tech.boot.autoconfigure.handlebars.HandlebarsValueResolversProperties] is not eligible for getting processed by all BeanPostProcessors (for example: not eligible for auto-proxying)
2021-01-17 14:30:59.898  INFO 1543 --- [    Test worker] trationDelegate$BeanPostProcessorChecker : Bean 'handlebars-pl.allegro.tech.boot.autoconfigure.handlebars.HandlebarsProperties' of type [pl.allegro.tech.boot.autoconfigure.handlebars.HandlebarsProperties] is not eligible for getting processed by all BeanPostProcessors (for example: not eligible for auto-proxying)
2021-01-17 14:30:59.903  INFO 1543 --- [    Test worker] trationDelegate$BeanPostProcessorChecker : Bean 'pl.allegro.tech.boot.autoconfigure.handlebars.HandlebarsAutoConfiguration$HandlebarsViewResolverConfiguration' of type [pl.allegro.tech.boot.autoconfigure.handlebars.HandlebarsAutoConfiguration$HandlebarsViewResolverConfiguration$$EnhancerBySpringCGLIB$$6ef89123] is not eligible for getting processed by all BeanPostProcessors (for example: not eligible for auto-proxying)
2021-01-17 14:31:00.015  INFO 1543 --- [    Test worker] trationDelegate$BeanPostProcessorChecker : Bean 'handlebarsViewResolver' of type [com.github.jknack.handlebars.springmvc.HandlebarsViewResolver] is not eligible for getting processed by all BeanPostProcessors (for example: not eligible for auto-proxying)
2021-01-17 14:31:00.520  INFO 1543 --- [    Test worker] o.s.b.w.embedded.tomcat.TomcatWebServer  : Tomcat initialized with port(s): 0 (http)
2021-01-17 14:31:00.530  INFO 1543 --- [    Test worker] o.apache.catalina.core.StandardService   : Starting service [Tomcat]
2021-01-17 14:31:00.531  INFO 1543 --- [    Test worker] org.apache.catalina.core.StandardEngine  : Starting Servlet engine: [Apache Tomcat/9.0.38]
2021-01-17 14:31:00.648  INFO 1543 --- [    Test worker] o.a.c.c.C.[Tomcat].[localhost].[/]       : Initializing Spring embedded WebApplicationContext
2021-01-17 14:31:00.648  INFO 1543 --- [    Test worker] w.s.c.ServletWebServerApplicationContext : Root WebApplicationContext: initialization completed in 2469 ms
2021-01-17 14:31:00.780  INFO 1543 --- [    Test worker] com.zaxxer.hikari.HikariDataSource       : pool-jiniworld - Starting...
2021-01-17 14:31:00.974  INFO 1543 --- [    Test worker] com.zaxxer.hikari.HikariDataSource       : pool-jiniworld - Start completed.
2021-01-17 14:31:01.066  INFO 1543 --- [    Test worker] o.s.b.a.h2.H2ConsoleAutoConfiguration    : H2 console available at '/h2-console'. Database available at 'jdbc:h2:mem:testdb'
2021-01-17 14:31:01.437  INFO 1543 --- [    Test worker] o.s.s.concurrent.ThreadPoolTaskExecutor  : Initializing ExecutorService 'applicationTaskExecutor'
2021-01-17 14:31:01.526  INFO 1543 --- [         task-1] o.hibernate.jpa.internal.util.LogHelper  : HHH000204: Processing PersistenceUnitInfo [name: default]
2021-01-17 14:31:01.575  INFO 1543 --- [         task-1] org.hibernate.Version                    : HHH000412: Hibernate ORM core version 5.4.21.Final
2021-01-17 14:31:01.717  INFO 1543 --- [         task-1] o.hibernate.annotations.common.Version   : HCANN000001: Hibernate Commons Annotations {5.1.0.Final}
2021-01-17 14:31:01.790  WARN 1543 --- [    Test worker] JpaBaseConfiguration$JpaWebConfiguration : spring.jpa.open-in-view is enabled by default. Therefore, database queries may be performed during view rendering. Explicitly configure spring.jpa.open-in-view to disable this warning
2021-01-17 14:31:01.825  INFO 1543 --- [         task-1] org.hibernate.dialect.Dialect            : HHH000400: Using dialect: org.hibernate.dialect.H2Dialect
2021-01-17 14:31:03.540  INFO 1543 --- [         task-1] org.hibernate.orm.connections.access     : HHH10001501: Connection obtained from JdbcConnectionAccess [org.hibernate.engine.jdbc.env.internal.JdbcEnvironmentInitiator$ConnectionProviderJdbcConnectionAccess@3ec6e38e] for (non-JTA) DDL execution was not in auto-commit mode; the Connection 'local transaction' will be committed and the Connection will be set into auto-commit mode.
2021-01-17 14:31:03.751  INFO 1543 --- [    Test worker] o.s.b.w.embedded.tomcat.TomcatWebServer  : Tomcat started on port(s): 50312 (http) with context path ''
2021-01-17 14:31:03.767  INFO 1543 --- [    Test worker] DeferredRepositoryInitializationListener : Triggering deferred initialization of Spring Data repositories…
2021-01-17 14:31:03.774  INFO 1543 --- [    Test worker] DeferredRepositoryInitializationListener : Spring Data repositories initialized!
2021-01-17 14:31:03.806  INFO 1543 --- [    Test worker] j.j.domain.item.ItemControllerTest       : Started ItemControllerTest in 11.133 seconds (JVM running for 12.449)
2021-01-17 14:31:03.907  INFO 1543 --- [         task-1] o.h.e.t.j.p.i.JtaPlatformInitiator       : HHH000490: Using JtaPlatform implementation: [org.hibernate.engine.transaction.jta.platform.internal.NoJtaPlatform]
2021-01-17 14:31:03.916  INFO 1543 --- [         task-1] j.LocalContainerEntityManagerFactoryBean : Initialized JPA EntityManagerFactory for persistence unit 'default'
2021-01-17 14:31:04.173  INFO 1543 --- [o-auto-1-exec-1] o.a.c.c.C.[Tomcat].[localhost].[/]       : Initializing Spring DispatcherServlet 'dispatcherServlet'
2021-01-17 14:31:04.174  INFO 1543 --- [o-auto-1-exec-1] o.s.web.servlet.DispatcherServlet        : Initializing Servlet 'dispatcherServlet'
2021-01-17 14:31:04.206  INFO 1543 --- [o-auto-1-exec-1] o.s.web.servlet.DispatcherServlet        : Completed initialization in 32 ms
]]></system-out>
  <system-err><![CDATA[]]></system-err>
</testsuite>
